0 info it worked if it ends with ok
1 verbose cli [ 'node', '/usr/local/bin/npm', 'install' ]
2 info using npm@1.4.28
3 info using node@v0.10.36
4 warn package.json socket_io@1.0.0 No description
5 warn package.json socket_io@1.0.0 No README data
6 verbose readDependencies using package.json deps
7 verbose install where, deps [ '/Users/kaleo/Documents/DevMountain/Week7-Review:PersonalProject/socket-io-demonstration',
7 verbose install   [ 'body-parser', 'express', 'socket.io' ] ]
8 info preinstall socket_io@1.0.0
9 verbose readDependencies using package.json deps
10 verbose cache add [ 'express@^4.12.0', null ]
11 verbose cache add name=undefined spec="express@^4.12.0" args=["express@^4.12.0",null]
12 verbose parsed url { protocol: null,
12 verbose parsed url   slashes: null,
12 verbose parsed url   auth: null,
12 verbose parsed url   host: null,
12 verbose parsed url   port: null,
12 verbose parsed url   hostname: null,
12 verbose parsed url   hash: null,
12 verbose parsed url   search: null,
12 verbose parsed url   query: null,
12 verbose parsed url   pathname: 'express@^4.12.0',
12 verbose parsed url   path: 'express@^4.12.0',
12 verbose parsed url   href: 'express@^4.12.0' }
13 verbose cache add [ 'socket.io@^1.3.4', null ]
14 verbose cache add name=undefined spec="socket.io@^1.3.4" args=["socket.io@^1.3.4",null]
15 verbose parsed url { protocol: null,
15 verbose parsed url   slashes: null,
15 verbose parsed url   auth: null,
15 verbose parsed url   host: null,
15 verbose parsed url   port: null,
15 verbose parsed url   hostname: null,
15 verbose parsed url   hash: null,
15 verbose parsed url   search: null,
15 verbose parsed url   query: null,
15 verbose parsed url   pathname: 'socket.io@^1.3.4',
15 verbose parsed url   path: 'socket.io@^1.3.4',
15 verbose parsed url   href: 'socket.io@^1.3.4' }
16 verbose cache add [ 'body-parser@^1.12.0', null ]
17 verbose cache add name=undefined spec="body-parser@^1.12.0" args=["body-parser@^1.12.0",null]
18 verbose parsed url { protocol: null,
18 verbose parsed url   slashes: null,
18 verbose parsed url   auth: null,
18 verbose parsed url   host: null,
18 verbose parsed url   port: null,
18 verbose parsed url   hostname: null,
18 verbose parsed url   hash: null,
18 verbose parsed url   search: null,
18 verbose parsed url   query: null,
18 verbose parsed url   pathname: 'body-parser@^1.12.0',
18 verbose parsed url   path: 'body-parser@^1.12.0',
18 verbose parsed url   href: 'body-parser@^1.12.0' }
19 verbose cache add name="express" spec="^4.12.0" args=["express","^4.12.0"]
20 verbose parsed url { protocol: null,
20 verbose parsed url   slashes: null,
20 verbose parsed url   auth: null,
20 verbose parsed url   host: null,
20 verbose parsed url   port: null,
20 verbose parsed url   hostname: null,
20 verbose parsed url   hash: null,
20 verbose parsed url   search: null,
20 verbose parsed url   query: null,
20 verbose parsed url   pathname: '^4.12.0',
20 verbose parsed url   path: '^4.12.0',
20 verbose parsed url   href: '^4.12.0' }
21 verbose addNamed [ 'express', '^4.12.0' ]
22 verbose addNamed [ null, '>=4.12.0-0 <5.0.0-0' ]
23 verbose cache add name="socket.io" spec="^1.3.4" args=["socket.io","^1.3.4"]
24 verbose parsed url { protocol: null,
24 verbose parsed url   slashes: null,
24 verbose parsed url   auth: null,
24 verbose parsed url   host: null,
24 verbose parsed url   port: null,
24 verbose parsed url   hostname: null,
24 verbose parsed url   hash: null,
24 verbose parsed url   search: null,
24 verbose parsed url   query: null,
24 verbose parsed url   pathname: '^1.3.4',
24 verbose parsed url   path: '^1.3.4',
24 verbose parsed url   href: '^1.3.4' }
25 verbose addNamed [ 'socket.io', '^1.3.4' ]
26 verbose addNamed [ null, '>=1.3.4-0 <2.0.0-0' ]
27 verbose cache add name="body-parser" spec="^1.12.0" args=["body-parser","^1.12.0"]
28 verbose parsed url { protocol: null,
28 verbose parsed url   slashes: null,
28 verbose parsed url   auth: null,
28 verbose parsed url   host: null,
28 verbose parsed url   port: null,
28 verbose parsed url   hostname: null,
28 verbose parsed url   hash: null,
28 verbose parsed url   search: null,
28 verbose parsed url   query: null,
28 verbose parsed url   pathname: '^1.12.0',
28 verbose parsed url   path: '^1.12.0',
28 verbose parsed url   href: '^1.12.0' }
29 verbose addNamed [ 'body-parser', '^1.12.0' ]
30 verbose addNamed [ null, '>=1.12.0-0 <2.0.0-0' ]
31 silly lockFile 5f14d3e1-express-4-12-0 express@^4.12.0
32 verbose lock express@^4.12.0 /Users/kaleo/.npm/5f14d3e1-express-4-12-0.lock
33 silly lockFile 10e3bf8f-socket-io-1-3-4 socket.io@^1.3.4
34 verbose lock socket.io@^1.3.4 /Users/kaleo/.npm/10e3bf8f-socket-io-1-3-4.lock
35 silly lockFile 56e67e75-body-parser-1-12-0 body-parser@^1.12.0
36 verbose lock body-parser@^1.12.0 /Users/kaleo/.npm/56e67e75-body-parser-1-12-0.lock
37 silly addNameRange { name: 'express', range: '>=4.12.0-0 <5.0.0-0', hasData: false }
38 silly addNameRange { name: 'socket.io',
38 silly addNameRange   range: '>=1.3.4-0 <2.0.0-0',
38 silly addNameRange   hasData: false }
39 silly addNameRange { name: 'body-parser',
39 silly addNameRange   range: '>=1.12.0-0 <2.0.0-0',
39 silly addNameRange   hasData: false }
40 verbose request where is /socket.io
41 verbose request registry https://registry.npmjs.org/
42 verbose request id eb219980fb87bdcd
43 verbose url raw /socket.io
44 verbose url resolving [ 'https://registry.npmjs.org/', './socket.io' ]
45 verbose url resolved https://registry.npmjs.org/socket.io
46 verbose request where is https://registry.npmjs.org/socket.io
47 info trying registry request attempt 1 at 16:30:37
48 verbose etag "3OXZ1NZLNCWYZVJA34RB6VA9Q"
49 http GET https://registry.npmjs.org/socket.io
50 verbose request where is /express
51 verbose request registry https://registry.npmjs.org/
52 verbose url raw /express
53 verbose url resolving [ 'https://registry.npmjs.org/', './express' ]
54 verbose url resolved https://registry.npmjs.org/express
55 verbose request where is https://registry.npmjs.org/express
56 info trying registry request attempt 1 at 16:30:37
57 verbose etag "4VF4DE3BYB8U3OS1R8AHWXJK2"
58 http GET https://registry.npmjs.org/express
59 verbose request where is /body-parser
60 verbose request registry https://registry.npmjs.org/
61 verbose url raw /body-parser
62 verbose url resolving [ 'https://registry.npmjs.org/', './body-parser' ]
63 verbose url resolved https://registry.npmjs.org/body-parser
64 verbose request where is https://registry.npmjs.org/body-parser
65 info trying registry request attempt 1 at 16:30:37
66 verbose etag "3L5NM3ETWJXMUFHATJ3LEONQP"
67 http GET https://registry.npmjs.org/body-parser
68 http 200 https://registry.npmjs.org/body-parser
69 silly registry.get cb [ 200,
69 silly registry.get   { date: 'Tue, 24 Feb 2015 23:30:39 GMT',
69 silly registry.get     server: 'CouchDB/1.6.1 (Erlang OTP/R14B04)',
69 silly registry.get     etag: '"4U91Q41SKBMFLBLVZNJ3AS7F8"',
69 silly registry.get     'content-type': 'application/json',
69 silly registry.get     'cache-control': 'max-age=60',
69 silly registry.get     'content-length': '87883',
69 silly registry.get     'accept-ranges': 'bytes',
69 silly registry.get     via: '1.1 varnish',
69 silly registry.get     age: '15',
69 silly registry.get     'x-served-by': 'cache-ord1735-ORD',
69 silly registry.get     'x-cache': 'HIT',
69 silly registry.get     'x-cache-hits': '1',
69 silly registry.get     'x-timer': 'S1424820639.757189,VS0,VE0',
69 silly registry.get     vary: 'Accept',
69 silly registry.get     'keep-alive': 'timeout=10, max=50',
69 silly registry.get     connection: 'Keep-Alive' } ]
70 silly addNameRange number 2 { name: 'body-parser',
70 silly addNameRange   range: '>=1.12.0-0 <2.0.0-0',
70 silly addNameRange   hasData: true }
71 silly addNameRange versions [ 'body-parser',
71 silly addNameRange   [ '1.0.0',
71 silly addNameRange     '1.0.1',
71 silly addNameRange     '1.0.2',
71 silly addNameRange     '1.1.0',
71 silly addNameRange     '1.1.1',
71 silly addNameRange     '1.1.2',
71 silly addNameRange     '1.2.0',
71 silly addNameRange     '1.2.1',
71 silly addNameRange     '1.2.2',
71 silly addNameRange     '1.3.0',
71 silly addNameRange     '1.3.1',
71 silly addNameRange     '1.4.0',
71 silly addNameRange     '1.4.1',
71 silly addNameRange     '1.4.2',
71 silly addNameRange     '1.4.3',
71 silly addNameRange     '1.5.0',
71 silly addNameRange     '1.5.1',
71 silly addNameRange     '1.5.2',
71 silly addNameRange     '1.6.0',
71 silly addNameRange     '1.6.1',
71 silly addNameRange     '1.6.2',
71 silly addNameRange     '1.6.3',
71 silly addNameRange     '1.6.4',
71 silly addNameRange     '1.6.5',
71 silly addNameRange     '1.6.6',
71 silly addNameRange     '1.6.7',
71 silly addNameRange     '1.7.0',
71 silly addNameRange     '1.8.0',
71 silly addNameRange     '1.8.1',
71 silly addNameRange     '1.8.2',
71 silly addNameRange     '1.8.3',
71 silly addNameRange     '1.8.4',
71 silly addNameRange     '1.9.0',
71 silly addNameRange     '1.9.1',
71 silly addNameRange     '1.9.2',
71 silly addNameRange     '1.9.3',
71 silly addNameRange     '1.10.0',
71 silly addNameRange     '1.10.1',
71 silly addNameRange     '1.10.2',
71 silly addNameRange     '1.11.0',
71 silly addNameRange     '1.12.0' ] ]
72 verbose addNamed [ 'body-parser', '1.12.0' ]
73 verbose addNamed [ '1.12.0', '1.12.0' ]
74 silly lockFile 6c41bb2b-body-parser-1-12-0 body-parser@1.12.0
75 verbose lock body-parser@1.12.0 /Users/kaleo/.npm/6c41bb2b-body-parser-1-12-0.lock
76 silly lockFile 6c41bb2b-body-parser-1-12-0 body-parser@1.12.0
77 silly lockFile 6c41bb2b-body-parser-1-12-0 body-parser@1.12.0
78 silly lockFile 56e67e75-body-parser-1-12-0 body-parser@^1.12.0
79 silly lockFile 56e67e75-body-parser-1-12-0 body-parser@^1.12.0
80 http 200 https://registry.npmjs.org/socket.io
81 silly registry.get cb [ 200,
81 silly registry.get   { date: 'Tue, 24 Feb 2015 23:30:39 GMT',
81 silly registry.get     server: 'CouchDB/1.5.0 (Erlang OTP/R16B03)',
81 silly registry.get     etag: '"1YGCCPJULP847HXKYZN6NI96A"',
81 silly registry.get     'content-type': 'application/json',
81 silly registry.get     'cache-control': 'max-age=60',
81 silly registry.get     'content-length': '110706',
81 silly registry.get     'accept-ranges': 'bytes',
81 silly registry.get     via: '1.1 varnish',
81 silly registry.get     age: '15',
81 silly registry.get     'x-served-by': 'cache-ord1731-ORD',
81 silly registry.get     'x-cache': 'HIT',
81 silly registry.get     'x-cache-hits': '1',
81 silly registry.get     'x-timer': 'S1424820639.758984,VS0,VE0',
81 silly registry.get     vary: 'Accept',
81 silly registry.get     'keep-alive': 'timeout=10, max=50',
81 silly registry.get     connection: 'Keep-Alive' } ]
82 silly addNameRange number 2 { name: 'socket.io', range: '>=1.3.4-0 <2.0.0-0', hasData: true }
83 silly addNameRange versions [ 'socket.io',
83 silly addNameRange   [ '0.3.8',
83 silly addNameRange     '0.4.0',
83 silly addNameRange     '0.4.1',
83 silly addNameRange     '0.5.1',
83 silly addNameRange     '0.5.3',
83 silly addNameRange     '0.6.0',
83 silly addNameRange     '0.6.1',
83 silly addNameRange     '0.6.3',
83 silly addNameRange     '0.6.4',
83 silly addNameRange     '0.6.5',
83 silly addNameRange     '0.6.6',
83 silly addNameRange     '0.6.7',
83 silly addNameRange     '0.6.8',
83 silly addNameRange     '0.6.9',
83 silly addNameRange     '0.6.10',
83 silly addNameRange     '0.6.11',
83 silly addNameRange     '0.6.12',
83 silly addNameRange     '0.6.14',
83 silly addNameRange     '0.6.15',
83 silly addNameRange     '0.6.16',
83 silly addNameRange     '0.6.17',
83 silly addNameRange     '0.6.18',
83 silly addNameRange     '0.7.0',
83 silly addNameRange     '0.7.1',
83 silly addNameRange     '0.7.2',
83 silly addNameRange     '0.7.3',
83 silly addNameRange     '0.7.4',
83 silly addNameRange     '0.7.5',
83 silly addNameRange     '0.7.6',
83 silly addNameRange     '0.7.7',
83 silly addNameRange     '0.7.8',
83 silly addNameRange     '0.7.9',
83 silly addNameRange     '0.7.10',
83 silly addNameRange     '0.7.11',
83 silly addNameRange     '0.8.0',
83 silly addNameRange     '0.8.1',
83 silly addNameRange     '0.8.2',
83 silly addNameRange     '0.8.3',
83 silly addNameRange     '0.8.4',
83 silly addNameRange     '0.8.5',
83 silly addNameRange     '0.8.6',
83 silly addNameRange     '0.8.7',
83 silly addNameRange     '0.9.0',
83 silly addNameRange     '0.9.1',
83 silly addNameRange     '0.9.1-1',
83 silly addNameRange     '0.9.2',
83 silly addNameRange     '0.9.3',
83 silly addNameRange     '0.9.4',
83 silly addNameRange     '0.9.5',
83 silly addNameRange     '0.9.6',
83 silly addNameRange     '0.9.7',
83 silly addNameRange     '0.9.8',
83 silly addNameRange     '0.9.9',
83 silly addNameRange     '0.9.10',
83 silly addNameRange     '0.9.11',
83 silly addNameRange     '0.9.12',
83 silly addNameRange     '0.9.13',
83 silly addNameRange     '0.9.14',
83 silly addNameRange     '0.9.15',
83 silly addNameRange     '0.9.16',
83 silly addNameRange     '1.0.0-pre',
83 silly addNameRange     '1.0.0-pre2',
83 silly addNameRange     '1.0.0-pre3',
83 silly addNameRange     '1.0.0-pre4',
83 silly addNameRange     '1.0.0-pre5',
83 silly addNameRange     '0.9.17',
83 silly addNameRange     '1.0.0',
83 silly addNameRange     '1.0.1',
83 silly addNameRange     '1.0.2',
83 silly addNameRange     '1.0.3',
83 silly addNameRange     '1.0.4',
83 silly addNameRange     '1.0.5',
83 silly addNameRange     '1.0.6',
83 silly addNameRange     '1.1.0',
83 silly addNameRange     '1.2.0',
83 silly addNameRange     '1.2.1',
83 silly addNameRange     '1.3.0',
83 silly addNameRange     '1.3.1',
83 silly addNameRange     '1.3.2',
83 silly addNameRange     '1.3.3',
83 silly addNameRange     '1.3.4' ] ]
84 verbose addNamed [ 'socket.io', '1.3.4' ]
85 verbose addNamed [ '1.3.4', '1.3.4' ]
86 silly lockFile ca699646-socket-io-1-3-4 socket.io@1.3.4
87 verbose lock socket.io@1.3.4 /Users/kaleo/.npm/ca699646-socket-io-1-3-4.lock
88 silly lockFile 4d2ff883-rg-socket-io-socket-io-1-3-4-tgz https://registry.npmjs.org/socket.io/-/socket.io-1.3.4.tgz
89 verbose lock https://registry.npmjs.org/socket.io/-/socket.io-1.3.4.tgz /Users/kaleo/.npm/4d2ff883-rg-socket-io-socket-io-1-3-4-tgz.lock
90 verbose addRemoteTarball [ 'https://registry.npmjs.org/socket.io/-/socket.io-1.3.4.tgz',
90 verbose addRemoteTarball   '3aa3bec59c75792cedeba1c52825c9aa6802f027' ]
91 info retry fetch attempt 1 at 16:30:40
92 verbose fetch to= /var/folders/dr/0wb2mjr56yq2v1_bs5gt3pvw0000gs/T/npm-27615-V2SpBgWA/registry.npmjs.org/socket.io/-/socket.io-1.3.4.tgz
93 http GET https://registry.npmjs.org/socket.io/-/socket.io-1.3.4.tgz
94 http 200 https://registry.npmjs.org/socket.io/-/socket.io-1.3.4.tgz
95 silly lockFile 4d2ff883-rg-socket-io-socket-io-1-3-4-tgz https://registry.npmjs.org/socket.io/-/socket.io-1.3.4.tgz
96 silly lockFile 4d2ff883-rg-socket-io-socket-io-1-3-4-tgz https://registry.npmjs.org/socket.io/-/socket.io-1.3.4.tgz
97 silly lockFile ca699646-socket-io-1-3-4 socket.io@1.3.4
98 silly lockFile ca699646-socket-io-1-3-4 socket.io@1.3.4
99 silly lockFile 10e3bf8f-socket-io-1-3-4 socket.io@^1.3.4
100 silly lockFile 10e3bf8f-socket-io-1-3-4 socket.io@^1.3.4
101 http 200 https://registry.npmjs.org/express
102 silly registry.get cb [ 200,
102 silly registry.get   { date: 'Tue, 24 Feb 2015 23:30:39 GMT',
102 silly registry.get     server: 'CouchDB/1.5.0 (Erlang OTP/R16B03)',
102 silly registry.get     etag: '"4XKQX7LIGUKQDA1N0QLTOZMJK"',
102 silly registry.get     'content-type': 'application/json',
102 silly registry.get     'cache-control': 'max-age=60',
102 silly registry.get     'content-length': '476339',
102 silly registry.get     'accept-ranges': 'bytes',
102 silly registry.get     via: '1.1 varnish',
102 silly registry.get     age: '23',
102 silly registry.get     'x-served-by': 'cache-ord1732-ORD',
102 silly registry.get     'x-cache': 'HIT',
102 silly registry.get     'x-cache-hits': '1',
102 silly registry.get     'x-timer': 'S1424820639.759855,VS0,VE1',
102 silly registry.get     vary: 'Accept',
102 silly registry.get     'keep-alive': 'timeout=10, max=50',
102 silly registry.get     connection: 'Keep-Alive' } ]
103 silly addNameRange number 2 { name: 'express', range: '>=4.12.0-0 <5.0.0-0', hasData: true }
104 silly addNameRange versions [ 'express',
104 silly addNameRange   [ '0.14.0',
104 silly addNameRange     '0.14.1',
104 silly addNameRange     '1.0.0',
104 silly addNameRange     '1.0.1',
104 silly addNameRange     '1.0.2',
104 silly addNameRange     '1.0.3',
104 silly addNameRange     '1.0.4',
104 silly addNameRange     '1.0.5',
104 silly addNameRange     '1.0.6',
104 silly addNameRange     '1.0.7',
104 silly addNameRange     '1.0.8',
104 silly addNameRange     '2.0.0',
104 silly addNameRange     '2.1.0',
104 silly addNameRange     '2.1.1',
104 silly addNameRange     '2.2.0',
104 silly addNameRange     '2.2.1',
104 silly addNameRange     '2.2.2',
104 silly addNameRange     '2.3.0',
104 silly addNameRange     '2.3.1',
104 silly addNameRange     '2.3.2',
104 silly addNameRange     '2.3.3',
104 silly addNameRange     '2.3.4',
104 silly addNameRange     '2.3.5',
104 silly addNameRange     '2.3.6',
104 silly addNameRange     '2.3.7',
104 silly addNameRange     '2.3.8',
104 silly addNameRange     '2.3.9',
104 silly addNameRange     '2.3.10',
104 silly addNameRange     '2.3.11',
104 silly addNameRange     '2.3.12',
104 silly addNameRange     '2.4.0',
104 silly addNameRange     '2.4.1',
104 silly addNameRange     '2.4.2',
104 silly addNameRange     '2.4.3',
104 silly addNameRange     '2.4.4',
104 silly addNameRange     '2.4.5',
104 silly addNameRange     '2.4.6',
104 silly addNameRange     '2.4.7',
104 silly addNameRange     '2.5.0',
104 silly addNameRange     '2.5.1',
104 silly addNameRange     '2.5.2',
104 silly addNameRange     '2.5.3',
104 silly addNameRange     '2.5.4',
104 silly addNameRange     '2.5.5',
104 silly addNameRange     '2.5.6',
104 silly addNameRange     '2.5.7',
104 silly addNameRange     '2.5.8',
104 silly addNameRange     '2.5.9',
104 silly addNameRange     '2.5.10',
104 silly addNameRange     '2.5.11',
104 silly addNameRange     '3.0.0',
104 silly addNameRange     '3.0.1',
104 silly addNameRange     '3.0.2',
104 silly addNameRange     '3.0.3',
104 silly addNameRange     '3.0.4',
104 silly addNameRange     '3.0.5',
104 silly addNameRange     '3.0.6',
104 silly addNameRange     '3.1.0',
104 silly addNameRange     '3.1.1',
104 silly addNameRange     '3.1.2',
104 silly addNameRange     '3.2.0',
104 silly addNameRange     '3.2.1',
104 silly addNameRange     '3.2.2',
104 silly addNameRange     '3.2.3',
104 silly addNameRange     '3.2.4',
104 silly addNameRange     '3.2.5',
104 silly addNameRange     '3.2.6',
104 silly addNameRange     '3.3.0',
104 silly addNameRange     '3.3.1',
104 silly addNameRange     '3.3.2',
104 silly addNameRange     '3.3.3',
104 silly addNameRange     '3.3.4',
104 silly addNameRange     '3.3.5',
104 silly addNameRange     '3.3.6',
104 silly addNameRange     '1.0.0-beta',
104 silly addNameRange     '1.0.0-beta2',
104 silly addNameRange     '1.0.0-rc',
104 silly addNameRange     '1.0.0-rc2',
104 silly addNameRange     '1.0.0-rc3',
104 silly addNameRange     '1.0.0-rc4',
104 silly addNameRange     '2.0.0-beta',
104 silly addNameRange     '2.0.0-beta2',
104 silly addNameRange     '2.0.0-beta3',
104 silly addNameRange     '2.0.0-rc',
104 silly addNameRange     '2.0.0-rc2',
104 silly addNameRange     '2.0.0-rc3',
104 silly addNameRange     '3.0.0-alpha1',
104 silly addNameRange     '3.0.0-alpha2',
104 silly addNameRange     '3.0.0-alpha3',
104 silly addNameRange     '3.0.0-alpha4',
104 silly addNameRange     '3.0.0-alpha5',
104 silly addNameRange     '3.0.0-beta1',
104 silly addNameRange     '3.0.0-beta2',
104 silly addNameRange     '3.0.0-beta3',
104 silly addNameRange     '3.0.0-beta4',
104 silly addNameRange     '3.0.0-beta6',
104 silly addNameRange     '3.0.0-beta7',
104 silly addNameRange     '3.0.0-rc1',
104 silly addNameRange     '3.0.0-rc2',
104 silly addNameRange     '3.0.0-rc3',
104 silly addNameRange     '3.0.0-rc4',
104 silly addNameRange     '3.0.0-rc5',
104 silly addNameRange     '3.3.7',
104 silly addNameRange     '3.3.8',
104 silly addNameRange     '3.4.0',
104 silly addNameRange     '3.4.1',
104 silly addNameRange     '3.4.2',
104 silly addNameRange     '3.4.3',
104 silly addNameRange     '3.4.4',
104 silly addNameRange     '3.4.5',
104 silly addNameRange     '3.4.6',
104 silly addNameRange     '3.4.7',
104 silly addNameRange     '3.4.8',
104 silly addNameRange     '4.0.0-rc1',
104 silly addNameRange     '4.0.0-rc2',
104 silly addNameRange     '3.5.0',
104 silly addNameRange     '4.0.0-rc3',
104 silly addNameRange     '4.0.0-rc4',
104 silly addNameRange     '3.5.1',
104 silly addNameRange     '4.0.0',
104 silly addNameRange     '3.5.2',
104 silly addNameRange     '4.1.0',
104 silly addNameRange     '4.1.1',
104 silly addNameRange     '3.5.3',
104 silly addNameRange     '4.1.2',
104 silly addNameRange     '3.6.0',
104 silly addNameRange     '4.2.0',
104 silly addNameRange     '3.7.0',
104 silly addNameRange     '3.8.0',
104 silly addNameRange     '4.3.0',
104 silly addNameRange     '4.3.1',
104 silly addNameRange     '3.8.1',
104 silly addNameRange     '4.3.2',
104 silly addNameRange     '3.9.0',
104 silly addNameRange     '4.4.0',
104 silly addNameRange     '4.4.1',
104 silly addNameRange     '3.10.0',
104 silly addNameRange     '3.10.1',
104 silly addNameRange     '3.10.2',
104 silly addNameRange     '3.10.3',
104 silly addNameRange     '3.10.4',
104 silly addNameRange     '4.4.2',
104 silly addNameRange     '3.10.5',
104 silly addNameRange     '4.4.3',
104 silly addNameRange     '3.11.0',
104 silly addNameRange     '4.4.4',
104 silly addNameRange     '3.12.0',
104 silly addNameRange     '3.12.1',
104 silly addNameRange     '4.4.5',
104 silly addNameRange     '3.13.0',
104 silly addNameRange     '4.5.0',
104 silly addNameRange     '4.5.1',
104 silly addNameRange     '3.14.0',
104 silly addNameRange     '4.6.0',
104 silly addNameRange     '4.6.1',
104 silly addNameRange     '3.15.0',
104 silly addNameRange     '4.7.0',
104 silly addNameRange     '3.15.1',
104 silly addNameRange     '4.7.1',
104 silly addNameRange     '3.15.2',
104 silly addNameRange     '4.7.2',
104 silly addNameRange     '4.7.3',
104 silly addNameRange     '3.15.3',
104 silly addNameRange     '4.7.4',
104 silly addNameRange     '3.16.0',
104 silly addNameRange     '4.8.0',
104 silly addNameRange     '3.16.1',
104 silly addNameRange     '4.8.1',
104 silly addNameRange     '3.16.2',
104 silly addNameRange     '4.8.2',
104 silly addNameRange     '3.16.3',
104 silly addNameRange     '3.16.4',
104 silly addNameRange     '4.8.3',
104 silly addNameRange     '3.16.5',
104 silly addNameRange     '3.16.6',
104 silly addNameRange     '4.8.4',
104 silly addNameRange     '3.16.7',
104 silly addNameRange     '4.8.5',
104 silly addNameRange     '3.16.8',
104 silly addNameRange     '4.8.6',
104 silly addNameRange     '3.16.9',
104 silly addNameRange     '4.8.7',
104 silly addNameRange     '3.16.10',
104 silly addNameRange     '4.8.8',
104 silly addNameRange     '3.17.0',
104 silly addNameRange     '3.17.1',
104 silly addNameRange     '4.9.0',
104 silly addNameRange     '3.17.2',
104 silly addNameRange     '4.9.1',
104 silly addNameRange     '4.9.2',
104 silly addNameRange     '3.17.3',
104 silly addNameRange     '4.9.3',
104 silly addNameRange     '3.17.4',
104 silly addNameRange     '4.9.4',
104 silly addNameRange     '3.17.5',
104 silly addNameRange     '4.9.5',
104 silly addNameRange     '3.17.6',
104 silly addNameRange     '3.17.7',
104 silly addNameRange     '4.9.6',
104 silly addNameRange     '4.9.7',
104 silly addNameRange     '3.17.8',
104 silly addNameRange     '4.9.8',
104 silly addNameRange     '3.18.0',
104 silly addNameRange     '3.18.1',
104 silly addNameRange     '4.10.0',
104 silly addNameRange     '3.18.2',
104 silly addNameRange     '4.10.1',
104 silly addNameRange     '5.0.0-alpha.1',
104 silly addNameRange     '3.18.3',
104 silly addNameRange     '4.10.2',
104 silly addNameRange     '3.18.4',
104 silly addNameRange     '4.10.3',
104 silly addNameRange     '4.10.4',
104 silly addNameRange     '4.10.5',
104 silly addNameRange     '3.18.5',
104 silly addNameRange     '3.18.6',
104 silly addNameRange     '4.10.6',
104 silly addNameRange     '4.10.7',
104 silly addNameRange     '3.19.0',
104 silly addNameRange     '4.10.8',
104 silly addNameRange     '4.11.0',
104 silly addNameRange     '3.19.1',
104 silly addNameRange     '4.11.1',
104 silly addNameRange     '3.19.2',
104 silly addNameRange     '4.11.2',
104 silly addNameRange     '3.20.0',
104 silly addNameRange     '4.12.0' ] ]
105 verbose addNamed [ 'express', '4.12.0' ]
106 verbose addNamed [ '4.12.0', '4.12.0' ]
107 silly lockFile 334bb224-express-4-12-0 express@4.12.0
108 verbose lock express@4.12.0 /Users/kaleo/.npm/334bb224-express-4-12-0.lock
109 silly lockFile 87f456d7-s-org-express-express-4-12-0-tgz https://registry.npmjs.org/express/-/express-4.12.0.tgz
110 verbose lock https://registry.npmjs.org/express/-/express-4.12.0.tgz /Users/kaleo/.npm/87f456d7-s-org-express-express-4-12-0-tgz.lock
111 verbose addRemoteTarball [ 'https://registry.npmjs.org/express/-/express-4.12.0.tgz',
111 verbose addRemoteTarball   '739660fce86acbc11ba9c37dc96ff009dc9975e8' ]
112 info retry fetch attempt 1 at 16:30:40
113 verbose fetch to= /var/folders/dr/0wb2mjr56yq2v1_bs5gt3pvw0000gs/T/npm-27615-V2SpBgWA/registry.npmjs.org/express/-/express-4.12.0.tgz
114 http GET https://registry.npmjs.org/express/-/express-4.12.0.tgz
115 http 200 https://registry.npmjs.org/express/-/express-4.12.0.tgz
116 silly lockFile 87f456d7-s-org-express-express-4-12-0-tgz https://registry.npmjs.org/express/-/express-4.12.0.tgz
117 silly lockFile 87f456d7-s-org-express-express-4-12-0-tgz https://registry.npmjs.org/express/-/express-4.12.0.tgz
118 silly lockFile 334bb224-express-4-12-0 express@4.12.0
119 silly lockFile 334bb224-express-4-12-0 express@4.12.0
120 silly lockFile 5f14d3e1-express-4-12-0 express@^4.12.0
121 silly lockFile 5f14d3e1-express-4-12-0 express@^4.12.0
122 error Error: EACCES, mkdir '/Users/kaleo/.npm/socket.io/1.3.4'
122 error  { [Error: EACCES, mkdir '/Users/kaleo/.npm/socket.io/1.3.4']
122 error   errno: 3,
122 error   code: 'EACCES',
122 error   path: '/Users/kaleo/.npm/socket.io/1.3.4',
122 error   parent: 'socket_io' }
123 error Please try running this command again as root/Administrator.
124 error System Darwin 14.1.0
125 error command "node" "/usr/local/bin/npm" "install"
126 error cwd /Users/kaleo/Documents/DevMountain/Week7-Review:PersonalProject/socket-io-demonstration
127 error node -v v0.10.36
128 error npm -v 1.4.28
129 error path /Users/kaleo/.npm/socket.io/1.3.4
130 error code EACCES
131 error errno 3
132 error stack Error: EACCES, mkdir '/Users/kaleo/.npm/socket.io/1.3.4'
133 verbose exit [ 3, true ]
